<?xml version="1.0" encoding="UTF-8"?>
<!-- Generated by org.testng.reporters.JUnitReportReporter -->
<testsuite hostname="Mohan" failures="0" tests="1" name="com.goibibo.qa.testcases.Scenario3_SearchAHotelAndSelectFirstHotel" time="109.828" errors="0" timestamp="2021-06-01T17:24:41 IST" skipped="0">
  <testcase classname="com.goibibo.qa.testcases.Scenario3_SearchAHotelAndSelectFirstHotel" name="testCases" time="109.828"/>
  <system-out/>
</testsuite> <!-- com.goibibo.qa.testcases.Scenario3_SearchAHotelAndSelectFirstHotel -->
