<?xml version="1.0" encoding="UTF-8"?>
<!-- Generated by org.testng.reporters.JUnitReportReporter -->
<testsuite hostname="Mohan" failures="0" tests="1" name="com.goibibo.qa.testcases.SearchAHotelForOneAdult" time="15.469" errors="0" timestamp="2021-06-01T13:35:26 IST" skipped="0">
  <testcase classname="com.goibibo.qa.testcases.SearchAHotelForOneAdult" name="testCases" time="15.469"/>
  <system-out/>
</testsuite> <!-- com.goibibo.qa.testcases.SearchAHotelForOneAdult -->
