<?xml version="1.0" encoding="UTF-8"?>
<!-- Generated by org.testng.reporters.JUnitReportReporter -->
<testsuite hostname="Mohan" failures="0" tests="1" name="com.goibibo.qa.testcases.BookAHotelForOneAdult" time="60.552" errors="0" timestamp="2021-05-30T21:45:51 IST" skipped="0">
  <testcase classname="com.goibibo.qa.testcases.BookAHotelForOneAdult" name="testCases" time="60.552"/>
  <system-out/>
</testsuite> <!-- com.goibibo.qa.testcases.BookAHotelForOneAdult -->
