<?xml version="1.0" encoding="UTF-8"?>
<!-- Generated by org.testng.reporters.JUnitReportReporter -->
<testsuite hostname="Mohan" failures="0" tests="1" name="com.goibibo.qa.testcases.SearchAHotelAndSelectFirstHotel" time="20.735" errors="0" timestamp="2021-06-01T13:32:28 IST" skipped="0">
  <testcase classname="com.goibibo.qa.testcases.SearchAHotelAndSelectFirstHotel" name="testCases" time="20.735"/>
  <system-out/>
</testsuite> <!-- com.goibibo.qa.testcases.SearchAHotelAndSelectFirstHotel -->
